<?xml version="1.0" encoding="UTF-8"?>
<!-- Generated by org.testng.reporters.JUnitReportReporter -->
<testsuite hostname="DESKTOP-3SOG2UO" failures="0" tests="1" name="TestCases.RouteCase" time="32.523" errors="0" timestamp="2024-11-14T14:40:53 IST" skipped="0">
  <testcase classname="TestCases.RouteCase" name="tripSelecting" time="32.523"/>
</testsuite> <!-- TestCases.RouteCase -->
